Build started 21/7/2563 20:43:47.
     1>Project "C:\Users\Ankh\Desktop\homework_2\homework_2\homework_2.vcxproj" on node 2 (build target(s)).
     1>PrepareForBuild:
         Creating directory "C:\Users\Ankh\Desktop\homework_2\Debug\".
       InitializeBuildStatus:
         Creating "Debug\homework_2.unsuccessfulbuild" because "AlwaysCreate" was specified.
       ClCompile:
         C:\Program Files (x86)\Microsoft Visual Studio 10.0\VC\bin\CL.exe /c /ZI /nologo /W3 /WX- /Od /Oy- /D WIN32 /D _DEBUG /D _CONSOLE /D _UNICODE /D UNICODE /Gm /EHsc /RTC1 /MDd /GS /fp:precise /Zc:wchar_t /Zc:forScope /Fo"Debug\\" /Fd"Debug\vc100.pdb" /Gd /TP /analyze- /errorReport:prompt homework_2.cpp
         homework_2.cpp
     1>c:\users\ankh\desktop\homework_2\homework_2\homework_2.cpp(19): warning C4244: 'argument' : conversion from 'float' to 'int', possible loss of data
       ManifestResourceCompile:
         C:\Program Files (x86)\Microsoft SDKs\Windows\v7.0A\bin\rc.exe /nologo /fo"Debug\homework_2.exe.embed.manifest.res" Debug\homework_2_manifest.rc 
       Link:
         C:\Program Files (x86)\Microsoft Visual Studio 10.0\VC\bin\link.exe /ERRORREPORT:PROMPT /OUT:"C:\Users\Ankh\Desktop\homework_2\Debug\homework_2.exe" /INCREMENTAL /NOLOGO kernel32.lib user32.lib gdi32.lib winspool.lib comdlg32.lib advapi32.lib shell32.lib ole32.lib oleaut32.lib uuid.lib odbc32.lib odbccp32.lib /MANIFEST /ManifestFile:"Debug\homework_2.exe.intermediate.manifest" /MANIFESTUAC:"level='asInvoker' uiAccess='false'" /DEBUG /PDB:"C:\Users\Ankh\Desktop\homework_2\Debug\homework_2.pdb" /SUBSYSTEM:CONSOLE /TLBID:1 /DYNAMICBASE /NXCOMPAT /IMPLIB:"C:\Users\Ankh\Desktop\homework_2\Debug\homework_2.lib" /MACHINE:X86 Debug\homework_2.exe.embed.manifest.res
         Debug\homework_2.obj
       Manifest:
         C:\Program Files (x86)\Microsoft SDKs\Windows\v7.0A\bin\mt.exe /nologo /verbose /out:"Debug\homework_2.exe.embed.manifest" /manifest Debug\homework_2.exe.intermediate.manifest
         C:\Program Files (x86)\Microsoft SDKs\Windows\v7.0A\bin\rc.exe /nologo /fo"Debug\homework_2.exe.embed.manifest.res" Debug\homework_2_manifest.rc 
       LinkEmbedManifest:
         C:\Program Files (x86)\Microsoft Visual Studio 10.0\VC\bin\link.exe /ERRORREPORT:PROMPT /OUT:"C:\Users\Ankh\Desktop\homework_2\Debug\homework_2.exe" /INCREMENTAL /NOLOGO kernel32.lib user32.lib gdi32.lib winspool.lib comdlg32.lib advapi32.lib shell32.lib ole32.lib oleaut32.lib uuid.lib odbc32.lib odbccp32.lib /MANIFEST /ManifestFile:"Debug\homework_2.exe.intermediate.manifest" /MANIFESTUAC:"level='asInvoker' uiAccess='false'" /DEBUG /PDB:"C:\Users\Ankh\Desktop\homework_2\Debug\homework_2.pdb" /SUBSYSTEM:CONSOLE /TLBID:1 /DYNAMICBASE /NXCOMPAT /IMPLIB:"C:\Users\Ankh\Desktop\homework_2\Debug\homework_2.lib" /MACHINE:X86 Debug\homework_2.exe.embed.manifest.res
         Debug\homework_2.obj
         homework_2.vcxproj -> C:\Users\Ankh\Desktop\homework_2\Debug\homework_2.exe
       FinalizeBuildStatus:
         Deleting file "Debug\homework_2.unsuccessfulbuild".
         Touching "Debug\homework_2.lastbuildstate".
     1>Done Building Project "C:\Users\Ankh\Desktop\homework_2\homework_2\homework_2.vcxproj" (build target(s)).

Build succeeded.

Time Elapsed 00:00:01.91
